<?xml version="1.0" encoding="utf-8"?><testsuites name="pytest tests"><testsuite name="pytest" errors="0" failures="0" skipped="0" tests="21" time="2.899" timestamp="2026-03-29T20:47:25.927657+00:00" hostname="agent-env-a50637b9-a92c-4ad6-9ef0-2171bb7c9ea0"><testcase classname="backend.tests.test_iteration5_multiday_classes.TestAdminLogin" name="test_admin_login_success" time="0.723" /><testcase classname="backend.tests.test_iteration5_multiday_classes.TestAdminLogin" name="test_admin_login_invalid_credentials" time="0.064" /><testcase classname="backend.tests.test_iteration5_multiday_classes.TestPublicClassesAPI" name="test_get_classes_returns_list" time="0.233" /><testcase classname="backend.tests.test_iteration5_multiday_classes.TestAdminClassCRUD" name="test_create_class_with_schedule_array" time="0.267" /><testcase classname="backend.tests.test_iteration5_multiday_classes.TestAdminClassCRUD" name="test_get_created_class_in_public_list" time="0.024" /><testcase classname="backend.tests.test_iteration5_multiday_classes.TestAdminClassCRUD" name="test_update_class_schedule" time="0.024" /><testcase classname="backend.tests.test_iteration5_multiday_classes.TestAdminClassCRUD" name="test_verify_update_persisted" time="0.062" /><testcase classname="backend.tests.test_iteration5_multiday_classes.TestAdminClassCRUD" name="test_delete_class" time="0.026" /><testcase classname="backend.tests.test_iteration5_multiday_classes.TestAdminClassCRUD" name="test_verify_delete_persisted" time="0.020" /><testcase classname="backend.tests.test_iteration5_multiday_classes.TestProductCRUD" name="test_get_public_products" time="0.062" /><testcase classname="backend.tests.test_iteration5_multiday_classes.TestProductCRUD" name="test_create_product" time="0.071" /><testcase classname="backend.tests.test_iteration5_multiday_classes.TestProductCRUD" name="test_get_created_product_in_public_list" time="0.021" /><testcase classname="backend.tests.test_iteration5_multiday_classes.TestProductCRUD" name="test_update_product" time="0.062" /><testcase classname="backend.tests.test_iteration5_multiday_classes.TestProductCRUD" name="test_verify_product_update_persisted" time="0.021" /><testcase classname="backend.tests.test_iteration5_multiday_classes.TestProductCRUD" name="test_delete_product" time="0.024" /><testcase classname="backend.tests.test_iteration5_multiday_classes.TestProductCRUD" name="test_verify_product_delete_persisted" time="0.020" /><testcase classname="backend.tests.test_iteration5_multiday_classes.TestAdminOrders" name="test_get_admin_orders" time="0.021" /><testcase classname="backend.tests.test_iteration5_multiday_classes.TestShopCheckout" name="test_get_shipping_rates" time="0.061" /><testcase classname="backend.tests.test_iteration5_multiday_classes.TestShopCheckout" name="test_checkout_with_valid_product" time="0.791" /><testcase classname="backend.tests.test_iteration5_multiday_classes.TestShopCheckout" name="test_checkout_with_invalid_product" time="0.022" /><testcase classname="backend.tests.test_iteration5_multiday_classes.TestSiteSettings" name="test_get_site_settings" time="0.198" /></testsuite></testsuites>