<?xml version="1.0" encoding="utf-8"?><testsuites name="pytest tests"><testsuite name="pytest" errors="0" failures="1" skipped="0" tests="13" time="6.328" timestamp="2026-02-27T14:37:44.917193+00:00" hostname="agent-env-f821da09-78dd-4e14-bbea-ed2b6b8b9d03"><testcase classname="backend.tests.test_category_features.TestAdminAuth" name="test_admin_login" time="1.180" /><testcase classname="backend.tests.test_category_features.TestMediaCategoryField" name="test_create_media_with_general_category" time="0.429" /><testcase classname="backend.tests.test_category_features.TestMediaCategoryField" name="test_create_media_with_grid_category" time="0.050" /><testcase classname="backend.tests.test_category_features.TestMediaCategoryField" name="test_category_returned_in_api" time="0.204" /><testcase classname="backend.tests.test_category_features.TestMediaCategoryField" name="test_filter_by_grid_category" time="0.145" /><testcase classname="backend.tests.test_category_features.TestMediaCategoryField" name="test_general_items_not_in_grid" time="0.254" /><testcase classname="backend.tests.test_category_features.TestMediaCategoryField" name="test_cleanup_test_media" time="0.617"><failure message="AssertionError: Delete failed for &#10;assert 405 == 200&#10; +  where 405 = &lt;Response [405]&gt;.status_code">backend/tests/test_category_features.py:172: in test_cleanup_test_media
    assert response.status_code == 200, f"Delete failed for {item['id']}"
E   AssertionError: Delete failed for 
E   assert 405 == 200
E    +  where 405 = &lt;Response [405]&gt;.status_code</failure></testcase><testcase classname="backend.tests.test_category_features.TestClassesHeaderPhoto" name="test_create_classes_header_photo_setting" time="0.694" /><testcase classname="backend.tests.test_category_features.TestClassesHeaderPhoto" name="test_verify_classes_header_photo_in_public_api" time="0.280" /><testcase classname="backend.tests.test_category_features.TestClassesHeaderPhoto" name="test_cleanup_classes_header_photo" time="0.119" /><testcase classname="backend.tests.test_category_features.TestAdminSiteSettingsPresets" name="test_admin_site_settings_endpoint" time="0.443" /><testcase classname="backend.tests.test_category_features.TestFullCategoryWorkflow" name="test_full_grid_category_workflow" time="1.231" /><testcase classname="backend.tests.test_category_features.TestFullCategoryWorkflow" name="test_full_classes_header_photo_workflow" time="0.582" /></testsuite></testsuites>