<?xml version="1.0" encoding="utf-8"?><testsuites name="pytest tests"><testsuite name="pytest" errors="0" failures="0" skipped="0" tests="19" time="7.280" timestamp="2026-03-29T19:54:03.611719+00:00" hostname="agent-env-a50637b9-a92c-4ad6-9ef0-2171bb7c9ea0"><testcase classname="backend.tests.test_shop_iteration4.TestPublicShopEndpoints" name="test_get_products_returns_list" time="0.311" /><testcase classname="backend.tests.test_shop_iteration4.TestPublicShopEndpoints" name="test_get_products_contains_expected_products" time="0.089" /><testcase classname="backend.tests.test_shop_iteration4.TestPublicShopEndpoints" name="test_get_shipping_rates" time="0.069" /><testcase classname="backend.tests.test_shop_iteration4.TestCheckoutEndpoint" name="test_checkout_creates_order_and_returns_checkout_url" time="1.198" /><testcase classname="backend.tests.test_shop_iteration4.TestCheckoutEndpoint" name="test_checkout_with_quebec_shipping" time="0.730" /><testcase classname="backend.tests.test_shop_iteration4.TestCheckoutEndpoint" name="test_checkout_with_canada_shipping" time="0.635" /><testcase classname="backend.tests.test_shop_iteration4.TestCheckoutEndpoint" name="test_checkout_with_international_shipping" time="0.665" /><testcase classname="backend.tests.test_shop_iteration4.TestCheckoutEndpoint" name="test_checkout_with_invalid_product_fails" time="0.096" /><testcase classname="backend.tests.test_shop_iteration4.TestOrderStatusEndpoint" name="test_order_status_with_invalid_session" time="0.542" /><testcase classname="backend.tests.test_shop_iteration4.TestAdminProductEndpoints" name="test_get_admin_products" time="0.368" /><testcase classname="backend.tests.test_shop_iteration4.TestAdminProductEndpoints" name="test_create_product" time="0.477" /><testcase classname="backend.tests.test_shop_iteration4.TestAdminProductEndpoints" name="test_update_product" time="0.516" /><testcase classname="backend.tests.test_shop_iteration4.TestAdminProductEndpoints" name="test_delete_product" time="0.535" /><testcase classname="backend.tests.test_shop_iteration4.TestAdminOrdersEndpoint" name="test_get_admin_orders" time="0.356" /><testcase classname="backend.tests.test_shop_iteration4.TestAdminOrdersEndpoint" name="test_admin_orders_requires_auth" time="0.347" /><testcase classname="backend.tests.test_shop_iteration4.TestAdminProductsRequiresAuth" name="test_admin_products_get_requires_auth" time="0.061" /><testcase classname="backend.tests.test_shop_iteration4.TestAdminProductsRequiresAuth" name="test_admin_products_post_requires_auth" time="0.072" /><testcase classname="backend.tests.test_shop_iteration4.TestAdminProductsRequiresAuth" name="test_admin_products_put_requires_auth" time="0.072" /><testcase classname="backend.tests.test_shop_iteration4.TestAdminProductsRequiresAuth" name="test_admin_products_delete_requires_auth" time="0.061" /></testsuite></testsuites>