<?xml version="1.0" encoding="utf-8"?><testsuites name="pytest tests"><testsuite name="pytest" errors="0" failures="0" skipped="0" tests="20" time="39.469" timestamp="2026-02-27T04:13:07.449556+00:00" hostname="agent-env-f821da09-78dd-4e14-bbea-ed2b6b8b9d03"><testcase classname="backend.tests.test_new_features.TestAdminAuth" name="test_admin_login" time="1.372" /><testcase classname="backend.tests.test_new_features.TestSiteSettings" name="test_get_public_site_settings" time="0.943" /><testcase classname="backend.tests.test_new_features.TestSiteSettings" name="test_get_admin_site_settings" time="1.646" /><testcase classname="backend.tests.test_new_features.TestSiteSettings" name="test_create_coaches_page_photo_setting" time="1.320" /><testcase classname="backend.tests.test_new_features.TestSiteSettings" name="test_verify_coaches_page_photo_in_public_api" time="2.672" /><testcase classname="backend.tests.test_new_features.TestSiteSettings" name="test_update_coaches_page_photo" time="1.371" /><testcase classname="backend.tests.test_new_features.TestSiteSettings" name="test_delete_coaches_page_photo" time="1.410" /><testcase classname="backend.tests.test_new_features.TestMediaGallery" name="test_get_public_media" time="0.694" /><testcase classname="backend.tests.test_new_features.TestMediaGallery" name="test_get_admin_media" time="1.653" /><testcase classname="backend.tests.test_new_features.TestMediaGallery" name="test_create_photo_media_items" time="1.993" /><testcase classname="backend.tests.test_new_features.TestMediaGallery" name="test_verify_photos_in_public_media" time="2.689" /><testcase classname="backend.tests.test_new_features.TestMediaGallery" name="test_media_types_filter" time="0.716" /><testcase classname="backend.tests.test_new_features.TestMediaGallery" name="test_create_non_photo_media" time="0.657" /><testcase classname="backend.tests.test_new_features.TestMediaGallery" name="test_cleanup_test_media" time="5.309" /><testcase classname="backend.tests.test_new_features.TestPublicPagesAPI" name="test_success_page_apis" time="2.848" /><testcase classname="backend.tests.test_new_features.TestPublicPagesAPI" name="test_training_page_apis" time="1.398" /><testcase classname="backend.tests.test_new_features.TestPublicPagesAPI" name="test_site_settings_empty_state" time="0.895" /><testcase classname="backend.tests.test_new_features.TestPublicPagesAPI" name="test_media_empty_state" time="0.763" /><testcase classname="backend.tests.test_new_features.TestFullWorkflow" name="test_coaches_photo_workflow" time="4.353" /><testcase classname="backend.tests.test_new_features.TestFullWorkflow" name="test_training_photos_workflow" time="4.679" /></testsuite></testsuites>