<?xml version="1.0" encoding="utf-8"?><testsuites name="pytest tests"><testsuite name="pytest" errors="0" failures="0" skipped="0" tests="10" time="16.886" timestamp="2026-03-06T03:58:05.613952+00:00" hostname="agent-env-a50637b9-a92c-4ad6-9ef0-2171bb7c9ea0"><testcase classname="backend.tests.test_classes_iteration3.TestClassesAPI" name="test_get_classes" time="1.064" /><testcase classname="backend.tests.test_classes_iteration3.TestClassesAPI" name="test_multi_day_classes_have_schedule" time="0.866" /><testcase classname="backend.tests.test_classes_iteration3.TestClassesAPI" name="test_cancelled_classes_endpoint" time="0.655" /><testcase classname="backend.tests.test_classes_iteration3.TestAdminAuth" name="test_admin_login" time="0.883" /><testcase classname="backend.tests.test_classes_iteration3.TestCancelClassEndpoint" name="test_cancel_class_instance" time="2.983" /><testcase classname="backend.tests.test_classes_iteration3.TestCancelClassEndpoint" name="test_reschedule_class_instance" time="2.846" /><testcase classname="backend.tests.test_classes_iteration3.TestEmailPreviewEndpoint" name="test_email_preview_cancelled" time="2.233" /><testcase classname="backend.tests.test_classes_iteration3.TestEmailPreviewEndpoint" name="test_email_preview_rescheduled" time="2.194" /><testcase classname="backend.tests.test_classes_iteration3.TestAdminClassSchedulePage" name="test_get_admin_classes" time="1.512" /><testcase classname="backend.tests.test_classes_iteration3.TestAdminClassSchedulePage" name="test_get_cancelled_classes" time="1.576" /></testsuite></testsuites>